Using pre-set license
Built from '2021.2/staging' branch; Version is '2021.2.16f1 (559fc0ec6670) revision 5611456'; Using compiler version '192829333'; Build Type 'Release'
OS: 'Windows 10  (10.0.19043) 64bit Core' Language: 'ko' Physical Memory: 8040 MB
BatchMode: 1, IsHumanControllingUs: 0, StartBugReporterOnCrash: 0, Is64bit: 1, IsPro: 1

COMMAND LINE ARGUMENTS:
C:\Users\PSK\Desktop\Dev\2021.2.16f1\Editor\Unity.exe
-adb2
-batchMode
-noUpm
-name
AssetImportWorker0
-projectPath
C:/Users/PSK/Desktop/Unity_Programming_Practice_3/Practice_3
-logFile
Logs/AssetImportWorker0.log
-srvPort
57678
Successfully changed project path to: C:/Users/PSK/Desktop/Unity_Programming_Practice_3/Practice_3
C:/Users/PSK/Desktop/Unity_Programming_Practice_3/Practice_3
[UnityMemory] Configuration Parameters - Can be set up in boot.config
    "memorysetup-bucket-allocator-granularity=16"
    "memorysetup-bucket-allocator-bucket-count=8"
    "memorysetup-bucket-allocator-block-size=33554432"
    "memorysetup-bucket-allocator-block-count=8"
    "memorysetup-main-allocator-block-size=16777216"
    "memorysetup-thread-allocator-block-size=16777216"
    "memorysetup-gfx-main-allocator-block-size=16777216"
    "memorysetup-gfx-thread-allocator-block-size=16777216"
    "memorysetup-cache-allocator-block-size=4194304"
    "memorysetup-typetree-allocator-block-size=2097152"
    "memorysetup-profiler-bucket-allocator-granularity=16"
    "memorysetup-profiler-bucket-allocator-bucket-count=8"
    "memorysetup-profiler-bucket-allocator-block-size=33554432"
    "memorysetup-profiler-bucket-allocator-block-count=8"
    "memorysetup-profiler-allocator-block-size=16777216"
    "memorysetup-profiler-editor-allocator-block-size=1048576"
    "memorysetup-temp-allocator-size-main=16777216"
    "memorysetup-job-temp-allocator-block-size=2097152"
    "memorysetup-job-temp-allocator-block-size-background=1048576"
    "memorysetup-job-temp-allocator-reduction-small-platforms=262144"
    "memorysetup-temp-allocator-size-background-worker=32768"
    "memorysetup-temp-allocator-size-job-worker=262144"
    "memorysetup-temp-allocator-size-preload-manager=33554432"
    "memorysetup-temp-allocator-size-nav-mesh-worker=65536"
    "memorysetup-temp-allocator-size-audio-worker=65536"
    "memorysetup-temp-allocator-size-cloud-worker=32768"
    "memorysetup-temp-allocator-size-gi-baking-worker=262144"
    "memorysetup-temp-allocator-size-gfx=262144"
Refreshing native plugins compatible for Editor in 181.90 ms, found 4 plugins.
Preloading 0 native plugins for Editor in 0.00 ms.
Initialize engine version: 2021.2.16f1 (559fc0ec6670)
[Subsystems] Discovering subsystems at path C:/Users/PSK/Desktop/Dev/2021.2.16f1/Editor/Data/Resources/UnitySubsystems
[Subsystems] Discovering subsystems at path C:/Users/PSK/Desktop/Unity_Programming_Practice_3/Practice_3/Assets
GfxDevice: creating device client; threaded=0; jobified=0
Direct3D:
    Version:  Direct3D 11.0 [level 11.1]
    Renderer: NVIDIA GeForce GTX 1050 (ID=0x1c8d)
    Vendor:   NVIDIA
    VRAM:     4029 MB
    Driver:   23.21.13.8927
Initialize mono
Mono path[0] = 'C:/Users/PSK/Desktop/Dev/2021.2.16f1/Editor/Data/Managed'
Mono path[1] = 'C:/Users/PSK/Desktop/Dev/2021.2.16f1/Editor/Data/MonoBleedingEdge/lib/mono/unityjit-win32'
Mono config path = 'C:/Users/PSK/Desktop/Dev/2021.2.16f1/Editor/Data/MonoBleedingEdge/etc'
Using monoOptions --debugger-agent=transport=dt_socket,embedding=1,server=y,suspend=n,address=127.0.0.1:56508
Begin MonoManager ReloadAssembly
Registering precompiled unity dll's ...
Register platform support module: C:/Users/PSK/Desktop/Dev/2021.2.16f1/Editor/Data/PlaybackEngines/WindowsStandaloneSupport/UnityEditor.WindowsStandalone.Extensions.dll
Registered in 0.021051 seconds.
Native extension for WindowsStandalone target not found
Refreshing native plugins compatible for Editor in 173.39 ms, found 4 plugins.
Preloading 0 native plugins for Editor in 0.00 ms.
Mono: successfully reloaded assembly
- Completed reload, in  2.180 seconds
Domain Reload Profiling:
	ReloadAssembly (2181ms)
		BeginReloadAssembly (212ms)
			ExecutionOrderSort (0ms)
			DisableScriptedObjects (0ms)
			BackupInstance (0ms)
			ReleaseScriptingObjects (0ms)
			CreateAndSetChildDomain (1ms)
		EndReloadAssembly (1244ms)
			LoadAssemblies (207ms)
			RebuildTransferFunctionScriptingTraits (0ms)
			SetupTypeCache (252ms)
			ReleaseScriptCaches (0ms)
			RebuildScriptCaches (90ms)
			SetupLoadedEditorAssemblies (781ms)
				LogAssemblyErrors (0ms)
				InitializePlatformSupportModulesInManaged (14ms)
				SetLoadedEditorAssemblies (1ms)
				RefreshPlugins (174ms)
				BeforeProcessingInitializeOnLoad (2ms)
				ProcessInitializeOnLoadAttributes (494ms)
				ProcessInitializeOnLoadMethodAttributes (97ms)
				AfterProcessingInitializeOnLoad (0ms)
				EditorAssembliesLoaded (0ms)
			ExecutionOrderSort2 (0ms)
			AwakeInstancesAfterBackupRestoration (0ms)
Platform modules already initialized, skipping
Registering precompiled user dll's ...
Registered in 0.015557 seconds.
Begin MonoManager ReloadAssembly
Symbol file LoadedFromMemory doesn't match image C:\Users\PSK\Desktop\Unity_Programming_Practice_3\Practice_3\Library\PackageCache\com.unity.visualscripting@1.7.6\Editor\VisualScripting.Core\Dependencies\YamlDotNet\Unity.VisualScripting.YamlDotNet.dll
Symbol file LoadedFromMemory doesn't match image C:\Users\PSK\Desktop\Unity_Programming_Practice_3\Practice_3\Library\PackageCache\com.unity.visualscripting@1.7.6\Editor\VisualScripting.Core\Dependencies\DotNetZip\Unity.VisualScripting.IonicZip.dll
Native extension for WindowsStandalone target not found
Refreshing native plugins compatible for Editor in 186.11 ms, found 4 plugins.
Preloading 0 native plugins for Editor in 0.00 ms.
Mono: successfully reloaded assembly
- Completed reload, in  5.221 seconds
Domain Reload Profiling:
	ReloadAssembly (5223ms)
		BeginReloadAssembly (722ms)
			ExecutionOrderSort (0ms)
			DisableScriptedObjects (19ms)
			BackupInstance (0ms)
			ReleaseScriptingObjects (3ms)
			CreateAndSetChildDomain (220ms)
		EndReloadAssembly (4119ms)
			LoadAssemblies (348ms)
			RebuildTransferFunctionScriptingTraits (0ms)
			SetupTypeCache (636ms)
			ReleaseScriptCaches (1ms)
			RebuildScriptCaches (115ms)
			SetupLoadedEditorAssemblies (3100ms)
				LogAssemblyErrors (0ms)
				InitializePlatformSupportModulesInManaged (7ms)
				SetLoadedEditorAssemblies (0ms)
				RefreshPlugins (186ms)
				BeforeProcessingInitializeOnLoad (336ms)
				ProcessInitializeOnLoadAttributes (2401ms)
				ProcessInitializeOnLoadMethodAttributes (156ms)
				AfterProcessingInitializeOnLoad (13ms)
				EditorAssembliesLoaded (0ms)
			ExecutionOrderSort2 (0ms)
			AwakeInstancesAfterBackupRestoration (24ms)
Platform modules already initialized, skipping
========================================================================
Worker process is ready to serve import requests
Launched and connected shader compiler UnityShaderCompiler.exe after 0.12 seconds
Refreshing native plugins compatible for Editor in 1.41 ms, found 4 plugins.
Preloading 0 native plugins for Editor in 0.00 ms.
Unloading 5378 Unused Serialized files (Serialized files now loaded: 0)
Unloading 54 unused Assets / (1.2 MB). Loaded Objects now: 5817.
Memory consumption went from 214.9 MB to 213.7 MB.
Total: 5.842400 ms (FindLiveObjects: 0.615500 ms CreateObjectMapping: 0.585000 ms MarkObjects: 4.009500 ms  DeleteObjects: 0.630500 ms)

AssetImportParameters requested are different than current active one (requested -> active):
  custom:video-decoder-ogg-theora: a1e56fd34408186e4bbccfd4996cb3dc -> 
  custom:container-muxer-webm: aa71ff27fc2769a1b78a27578f13a17b -> 
  custom:container-demuxer-webm: 4f35f7cbe854078d1ac9338744f61a02 -> 
  custom:video-encoder-webm-vp8: eb34c28f22e8b96e1ab97ce403110664 -> 
  custom:audio-encoder-webm-vorbis: bf7c407c2cedff20999df2af8eb42d56 -> 
  custom:framework-win-MediaFoundation: 216162199b28c13a410421893ffa2e32 -> 
  custom:container-demuxer-ogg: 62fdf1f143b41e24485cea50d1cbac27 -> 
  custom:video-decoder-webm-vp8: 9c59270c3fd7afecdb556c50c9e8de78 -> 
  custom:audio-decoder-ogg-vorbis: bf7c407c2cedff20999df2af8eb42d56 -> 
========================================================================
Received Prepare
Registering precompiled user dll's ...
Registered in 0.014614 seconds.
Begin MonoManager ReloadAssembly
Symbol file LoadedFromMemory doesn't match image C:\Users\PSK\Desktop\Unity_Programming_Practice_3\Practice_3\Library\PackageCache\com.unity.visualscripting@1.7.6\Editor\VisualScripting.Core\Dependencies\YamlDotNet\Unity.VisualScripting.YamlDotNet.dll
Symbol file LoadedFromMemory doesn't match image C:\Users\PSK\Desktop\Unity_Programming_Practice_3\Practice_3\Library\PackageCache\com.unity.visualscripting@1.7.6\Editor\VisualScripting.Core\Dependencies\DotNetZip\Unity.VisualScripting.IonicZip.dll
Native extension for WindowsStandalone target not found
Refreshing native plugins compatible for Editor in 0.91 ms, found 4 plugins.
Preloading 0 native plugins for Editor in 0.00 ms.
Mono: successfully reloaded assembly
- Completed reload, in  1.972 seconds
Domain Reload Profiling:
	ReloadAssembly (1973ms)
		BeginReloadAssembly (296ms)
			ExecutionOrderSort (0ms)
			DisableScriptedObjects (18ms)
			BackupInstance (0ms)
			ReleaseScriptingObjects (0ms)
			CreateAndSetChildDomain (112ms)
		EndReloadAssembly (1401ms)
			LoadAssemblies (158ms)
			RebuildTransferFunctionScriptingTraits (0ms)
			SetupTypeCache (351ms)
			ReleaseScriptCaches (2ms)
			RebuildScriptCaches (94ms)
			SetupLoadedEditorAssemblies (745ms)
				LogAssemblyErrors (0ms)
				InitializePlatformSupportModulesInManaged (14ms)
				SetLoadedEditorAssemblies (0ms)
				RefreshPlugins (1ms)
				BeforeProcessingInitializeOnLoad (126ms)
				ProcessInitializeOnLoadAttributes (471ms)
				ProcessInitializeOnLoadMethodAttributes (120ms)
				AfterProcessingInitializeOnLoad (13ms)
				EditorAssembliesLoaded (0ms)
			ExecutionOrderSort2 (0ms)
			AwakeInstancesAfterBackupRestoration (27ms)
Platform modules already initialized, skipping
Refreshing native plugins compatible for Editor in 4.35 ms, found 4 plugins.
Preloading 0 native plugins for Editor in 0.00 ms.
Unloading 5262 Unused Serialized files (Serialized files now loaded: 0)
Unloading 41 unused Assets / (1.2 MB). Loaded Objects now: 5820.
Memory consumption went from 207.4 MB to 206.2 MB.
Total: 4.173800 ms (FindLiveObjects: 0.388300 ms CreateObjectMapping: 0.296600 ms MarkObjects: 3.040200 ms  DeleteObjects: 0.447900 ms)

AssetImportParameters requested are different than current active one (requested -> active):
  custom:video-decoder-ogg-theora: a1e56fd34408186e4bbccfd4996cb3dc -> 
  custom:container-muxer-webm: aa71ff27fc2769a1b78a27578f13a17b -> 
  custom:container-demuxer-webm: 4f35f7cbe854078d1ac9338744f61a02 -> 
  custom:video-encoder-webm-vp8: eb34c28f22e8b96e1ab97ce403110664 -> 
  custom:audio-encoder-webm-vorbis: bf7c407c2cedff20999df2af8eb42d56 -> 
  custom:framework-win-MediaFoundation: 216162199b28c13a410421893ffa2e32 -> 
  custom:container-demuxer-ogg: 62fdf1f143b41e24485cea50d1cbac27 -> 
  custom:video-decoder-webm-vp8: 9c59270c3fd7afecdb556c50c9e8de78 -> 
  custom:audio-decoder-ogg-vorbis: bf7c407c2cedff20999df2af8eb42d56 -> 
========================================================================
Received Import Request.
  Time since last request: 179308.570155 seconds.
  path: Assets/_Scripts/PlayerFactory.cs
  artifactKey: Guid(cdd43732639cd904b972a4fad043797e) Importer(815301076,1909f56bfc062723c751e8b465ee728b)
Start importing Assets/_Scripts/PlayerFactory.cs using Guid(cdd43732639cd904b972a4fad043797e) Importer(815301076,1909f56bfc062723c751e8b465ee728b)  -> (artifact id: 'b72e969d73673b29efbce9f077c099ec') in 0.072547 seconds 
========================================================================
Received Prepare
Registering precompiled user dll's ...
Registered in 0.008483 seconds.
Begin MonoManager ReloadAssembly
Symbol file LoadedFromMemory doesn't match image C:\Users\PSK\Desktop\Unity_Programming_Practice_3\Practice_3\Library\PackageCache\com.unity.visualscripting@1.7.6\Editor\VisualScripting.Core\Dependencies\YamlDotNet\Unity.VisualScripting.YamlDotNet.dll
Symbol file LoadedFromMemory doesn't match image C:\Users\PSK\Desktop\Unity_Programming_Practice_3\Practice_3\Library\PackageCache\com.unity.visualscripting@1.7.6\Editor\VisualScripting.Core\Dependencies\DotNetZip\Unity.VisualScripting.IonicZip.dll
Native extension for WindowsStandalone target not found
Refreshing native plugins compatible for Editor in 1.65 ms, found 4 plugins.
Preloading 0 native plugins for Editor in 0.00 ms.
Mono: successfully reloaded assembly
- Completed reload, in  1.617 seconds
Domain Reload Profiling:
	ReloadAssembly (1618ms)
		BeginReloadAssembly (248ms)
			ExecutionOrderSort (0ms)
			DisableScriptedObjects (12ms)
			BackupInstance (0ms)
			ReleaseScriptingObjects (0ms)
			CreateAndSetChildDomain (64ms)
		EndReloadAssembly (1231ms)
			LoadAssemblies (178ms)
			RebuildTransferFunctionScriptingTraits (0ms)
			SetupTypeCache (306ms)
			ReleaseScriptCaches (2ms)
			RebuildScriptCaches (69ms)
			SetupLoadedEditorAssemblies (661ms)
				LogAssemblyErrors (0ms)
				InitializePlatformSupportModulesInManaged (18ms)
				SetLoadedEditorAssemblies (1ms)
				RefreshPlugins (2ms)
				BeforeProcessingInitializeOnLoad (123ms)
				ProcessInitializeOnLoadAttributes (414ms)
				ProcessInitializeOnLoadMethodAttributes (92ms)
				AfterProcessingInitializeOnLoad (12ms)
				EditorAssembliesLoaded (0ms)
			ExecutionOrderSort2 (0ms)
			AwakeInstancesAfterBackupRestoration (31ms)
Platform modules already initialized, skipping
Refreshing native plugins compatible for Editor in 3.20 ms, found 4 plugins.
Preloading 0 native plugins for Editor in 0.00 ms.
Unloading 5262 Unused Serialized files (Serialized files now loaded: 0)
Unloading 41 unused Assets / (1.2 MB). Loaded Objects now: 5823.
Memory consumption went from 207.4 MB to 206.2 MB.
Total: 5.627400 ms (FindLiveObjects: 0.449700 ms CreateObjectMapping: 0.368700 ms MarkObjects: 3.981100 ms  DeleteObjects: 0.826400 ms)

AssetImportParameters requested are different than current active one (requested -> active):
  custom:video-decoder-ogg-theora: a1e56fd34408186e4bbccfd4996cb3dc -> 
  custom:container-muxer-webm: aa71ff27fc2769a1b78a27578f13a17b -> 
  custom:container-demuxer-webm: 4f35f7cbe854078d1ac9338744f61a02 -> 
  custom:video-encoder-webm-vp8: eb34c28f22e8b96e1ab97ce403110664 -> 
  custom:audio-encoder-webm-vorbis: bf7c407c2cedff20999df2af8eb42d56 -> 
  custom:framework-win-MediaFoundation: 216162199b28c13a410421893ffa2e32 -> 
  custom:container-demuxer-ogg: 62fdf1f143b41e24485cea50d1cbac27 -> 
  custom:video-decoder-webm-vp8: 9c59270c3fd7afecdb556c50c9e8de78 -> 
  custom:audio-decoder-ogg-vorbis: bf7c407c2cedff20999df2af8eb42d56 -> 
========================================================================
Received Import Request.
  Time since last request: 365.230147 seconds.
  path: Assets/Prefabs/Character03.prefab
  artifactKey: Guid(31bc089e98e3fd64e9e06f182aff5291) Importer(815301076,1909f56bfc062723c751e8b465ee728b)
Start importing Assets/Prefabs/Character03.prefab using Guid(31bc089e98e3fd64e9e06f182aff5291) Importer(815301076,1909f56bfc062723c751e8b465ee728b)  -> (artifact id: '8102c5094e3645a4c0a8347822e24f90') in 0.475340 seconds 
========================================================================
Received Import Request.
  Time since last request: 0.000042 seconds.
  path: Assets/Prefabs/Character01.prefab
  artifactKey: Guid(717317a4f26eee14da4d79b33e8f53c5) Importer(815301076,1909f56bfc062723c751e8b465ee728b)
Start importing Assets/Prefabs/Character01.prefab using Guid(717317a4f26eee14da4d79b33e8f53c5) Importer(815301076,1909f56bfc062723c751e8b465ee728b)  -> (artifact id: '9d07bd29edb797d47603213ceffa113d') in 0.120074 seconds 
========================================================================
Received Import Request.
  Time since last request: 8.272344 seconds.
  path: Assets/Prefabs/Player01.prefab
  artifactKey: Guid(717317a4f26eee14da4d79b33e8f53c5) Importer(815301076,1909f56bfc062723c751e8b465ee728b)
Start importing Assets/Prefabs/Player01.prefab using Guid(717317a4f26eee14da4d79b33e8f53c5) Importer(815301076,1909f56bfc062723c751e8b465ee728b)  -> (artifact id: '70dde214dd184e992be09fb4c4119ca9') in 0.098782 seconds 
========================================================================
Received Import Request.
  Time since last request: 5.345994 seconds.
  path: Assets/Prefabs/Player02.prefab
  artifactKey: Guid(c9bf4ce1d7bda3a428f93abb34b9bd54) Importer(815301076,1909f56bfc062723c751e8b465ee728b)
Start importing Assets/Prefabs/Player02.prefab using Guid(c9bf4ce1d7bda3a428f93abb34b9bd54) Importer(815301076,1909f56bfc062723c751e8b465ee728b)  -> (artifact id: 'f9c3cf43e2eae7987a1483120579f360') in 0.087711 seconds 
========================================================================
Received Import Request.
  Time since last request: 5.200539 seconds.
  path: Assets/Prefabs/Player03.prefab
  artifactKey: Guid(31bc089e98e3fd64e9e06f182aff5291) Importer(815301076,1909f56bfc062723c751e8b465ee728b)
Start importing Assets/Prefabs/Player03.prefab using Guid(31bc089e98e3fd64e9e06f182aff5291) Importer(815301076,1909f56bfc062723c751e8b465ee728b)  -> (artifact id: '826bc984f7e5733c5d54883f58a1f831') in 0.091978 seconds 
========================================================================
Received Import Request.
  Time since last request: 13.556432 seconds.
  path: Assets/Prefabs/Player01 1.prefab
  artifactKey: Guid(aa80924a22489e94cba6157c72b8c52f) Importer(815301076,1909f56bfc062723c751e8b465ee728b)
Start importing Assets/Prefabs/Player01 1.prefab using Guid(aa80924a22489e94cba6157c72b8c52f) Importer(815301076,1909f56bfc062723c751e8b465ee728b)  -> (artifact id: 'cb7a391efe379af68e29b702dad2bffe') in 0.093628 seconds 
========================================================================
Received Import Request.
  Time since last request: 4.013228 seconds.
  path: Assets/Prefabs/Enemy01.prefab
  artifactKey: Guid(aa80924a22489e94cba6157c72b8c52f) Importer(815301076,1909f56bfc062723c751e8b465ee728b)
Start importing Assets/Prefabs/Enemy01.prefab using Guid(aa80924a22489e94cba6157c72b8c52f) Importer(815301076,1909f56bfc062723c751e8b465ee728b)  -> (artifact id: '3d93a315b643e96e1b7fe897c6a58b03') in 0.096304 seconds 
========================================================================
Received Import Request.
  Time since last request: 69.082542 seconds.
  path: Assets/Prefabs/Enemy01.prefab
  artifactKey: Guid(aa80924a22489e94cba6157c72b8c52f) Importer(815301076,1909f56bfc062723c751e8b465ee728b)
Start importing Assets/Prefabs/Enemy01.prefab using Guid(aa80924a22489e94cba6157c72b8c52f) Importer(815301076,1909f56bfc062723c751e8b465ee728b)  -> (artifact id: 'df179465cc1582420ced5a0bb87edb7e') in 0.083659 seconds 
========================================================================
Received Import Request.
  Time since last request: 1.756040 seconds.
  path: Assets/Prefabs/Enemy01 1.prefab
  artifactKey: Guid(8c8b2405e17084a40ab5356e8dce705c) Importer(815301076,1909f56bfc062723c751e8b465ee728b)
Start importing Assets/Prefabs/Enemy01 1.prefab using Guid(8c8b2405e17084a40ab5356e8dce705c) Importer(815301076,1909f56bfc062723c751e8b465ee728b)  -> (artifact id: 'f9328a259bd19cb27fda05fdbd18c9e2') in 0.150860 seconds 
========================================================================
Received Import Request.
  Time since last request: 4.495518 seconds.
  path: Assets/Prefabs/Enemy02.prefab
  artifactKey: Guid(8c8b2405e17084a40ab5356e8dce705c) Importer(815301076,1909f56bfc062723c751e8b465ee728b)
Start importing Assets/Prefabs/Enemy02.prefab using Guid(8c8b2405e17084a40ab5356e8dce705c) Importer(815301076,1909f56bfc062723c751e8b465ee728b)  -> (artifact id: 'c9bbb49b1830f8cff7f0bae89f08e914') in 0.091504 seconds 
========================================================================
Received Import Request.
  Time since last request: 48.189983 seconds.
  path: Assets/Prefabs/Enemy02.prefab
  artifactKey: Guid(8c8b2405e17084a40ab5356e8dce705c) Importer(815301076,1909f56bfc062723c751e8b465ee728b)
Start importing Assets/Prefabs/Enemy02.prefab using Guid(8c8b2405e17084a40ab5356e8dce705c) Importer(815301076,1909f56bfc062723c751e8b465ee728b)  -> (artifact id: '920acec2b907724cdd0194733b0db992') in 0.082159 seconds 
========================================================================
Received Import Request.
  Time since last request: 1.782080 seconds.
  path: Assets/Prefabs/Enemy02 1.prefab
  artifactKey: Guid(dc638d86fdf05cd4a977fca532fb6662) Importer(815301076,1909f56bfc062723c751e8b465ee728b)
Start importing Assets/Prefabs/Enemy02 1.prefab using Guid(dc638d86fdf05cd4a977fca532fb6662) Importer(815301076,1909f56bfc062723c751e8b465ee728b)  -> (artifact id: 'e5648c08b2457465b4ac09a8b4806f3f') in 0.097299 seconds 
========================================================================
Received Import Request.
  Time since last request: 4.393517 seconds.
  path: Assets/Prefabs/Enemy03.prefab
  artifactKey: Guid(dc638d86fdf05cd4a977fca532fb6662) Importer(815301076,1909f56bfc062723c751e8b465ee728b)
Start importing Assets/Prefabs/Enemy03.prefab using Guid(dc638d86fdf05cd4a977fca532fb6662) Importer(815301076,1909f56bfc062723c751e8b465ee728b)  -> (artifact id: '6616d1b0ae624249b627b2949b0ab70d') in 0.090361 seconds 
========================================================================
Received Import Request.
  Time since last request: 39.752586 seconds.
  path: Assets/Prefabs/Enemy03.prefab
  artifactKey: Guid(dc638d86fdf05cd4a977fca532fb6662) Importer(815301076,1909f56bfc062723c751e8b465ee728b)
Start importing Assets/Prefabs/Enemy03.prefab using Guid(dc638d86fdf05cd4a977fca532fb6662) Importer(815301076,1909f56bfc062723c751e8b465ee728b)  -> (artifact id: '3476710b727809a1717cfe9424aac6e6') in 0.065080 seconds 
========================================================================
Received Import Request.
  Time since last request: 80.975766 seconds.
  path: Assets/Prefabs/Enemy02.prefab
  artifactKey: Guid(8c8b2405e17084a40ab5356e8dce705c) Importer(815301076,1909f56bfc062723c751e8b465ee728b)
Start importing Assets/Prefabs/Enemy02.prefab using Guid(8c8b2405e17084a40ab5356e8dce705c) Importer(815301076,1909f56bfc062723c751e8b465ee728b)  -> (artifact id: '5d6af72aaf57a07ea5512adfb28e1357') in 0.070411 seconds 
========================================================================
Received Import Request.
  Time since last request: 33.993575 seconds.
  path: Assets/Blackthornprod/100 Fantasy Characters Pack/Animations/Character Anims (5)/attack.anim
  artifactKey: Guid(32b5b83f15071a34c86a42c46ae6a6f1) Importer(815301076,1909f56bfc062723c751e8b465ee728b)
Start importing Assets/Blackthornprod/100 Fantasy Characters Pack/Animations/Character Anims (5)/attack.anim using Guid(32b5b83f15071a34c86a42c46ae6a6f1) Importer(815301076,1909f56bfc062723c751e8b465ee728b)  -> (artifact id: '89a10df648fcfd4ea8ce8ce72191226d') in 0.012423 seconds 
========================================================================
Received Import Request.
  Time since last request: 4.755521 seconds.
  path: Assets/Blackthornprod/100 Fantasy Characters Pack/Prefabs/Character (91).prefab
  artifactKey: Guid(2b214d67225396c41b6e252ceb50cf9f) Importer(815301076,1909f56bfc062723c751e8b465ee728b)
Start importing Assets/Blackthornprod/100 Fantasy Characters Pack/Prefabs/Character (91).prefab using Guid(2b214d67225396c41b6e252ceb50cf9f) Importer(815301076,1909f56bfc062723c751e8b465ee728b)  -> (artifact id: '6f94d0ef49db07a348d1db68efe4e785') in 0.085427 seconds 
========================================================================
Received Import Request.
  Time since last request: 0.585047 seconds.
  path: Assets/Blackthornprod/100 Fantasy Characters Pack/Prefabs/Character (93).prefab
  artifactKey: Guid(9a7944158da617d4391cc99b81b47759) Importer(815301076,1909f56bfc062723c751e8b465ee728b)
Start importing Assets/Blackthornprod/100 Fantasy Characters Pack/Prefabs/Character (93).prefab using Guid(9a7944158da617d4391cc99b81b47759) Importer(815301076,1909f56bfc062723c751e8b465ee728b)  -> (artifact id: 'fc165e7da46eb4dad964c4420d99df43') in 0.119327 seconds 
========================================================================
Received Import Request.
  Time since last request: 0.000041 seconds.
  path: Assets/Blackthornprod/100 Fantasy Characters Pack/Prefabs/Character (96).prefab
  artifactKey: Guid(4a720944a115d9447a4996ddaa03525b) Importer(815301076,1909f56bfc062723c751e8b465ee728b)
Start importing Assets/Blackthornprod/100 Fantasy Characters Pack/Prefabs/Character (96).prefab using Guid(4a720944a115d9447a4996ddaa03525b) Importer(815301076,1909f56bfc062723c751e8b465ee728b)  -> (artifact id: '5dbd2be5b97df08604f7aa0a7a5443ed') in 0.096151 seconds 
========================================================================
Received Import Request.
  Time since last request: 0.000061 seconds.
  path: Assets/Blackthornprod/100 Fantasy Characters Pack/Prefabs/Character (99).prefab
  artifactKey: Guid(5d1ab9b0228d05a40832b62ab4035c82) Importer(815301076,1909f56bfc062723c751e8b465ee728b)
Start importing Assets/Blackthornprod/100 Fantasy Characters Pack/Prefabs/Character (99).prefab using Guid(5d1ab9b0228d05a40832b62ab4035c82) Importer(815301076,1909f56bfc062723c751e8b465ee728b)  -> (artifact id: '2acd7deedef4a33ff9037bdc8f2a0881') in 0.099422 seconds 
========================================================================
Received Import Request.
  Time since last request: 0.000195 seconds.
  path: Assets/Blackthornprod/100 Fantasy Characters Pack/Prefabs/Character (100).prefab
  artifactKey: Guid(66d6b25677cc926438be05a46d880c14) Importer(815301076,1909f56bfc062723c751e8b465ee728b)
Start importing Assets/Blackthornprod/100 Fantasy Characters Pack/Prefabs/Character (100).prefab using Guid(66d6b25677cc926438be05a46d880c14) Importer(815301076,1909f56bfc062723c751e8b465ee728b)  -> (artifact id: 'a762e7ca668dd6bc676025eaa711711b') in 0.102406 seconds 
========================================================================
Received Import Request.
  Time since last request: 11.205396 seconds.
  path: Assets/Blackthornprod/100 Fantasy Characters Pack/Animations/Character Anims (5)/move.anim
  artifactKey: Guid(b114b9a36d0bd3f48b94373a5e40dd3c) Importer(815301076,1909f56bfc062723c751e8b465ee728b)
Start importing Assets/Blackthornprod/100 Fantasy Characters Pack/Animations/Character Anims (5)/move.anim using Guid(b114b9a36d0bd3f48b94373a5e40dd3c) Importer(815301076,1909f56bfc062723c751e8b465ee728b)  -> (artifact id: '22e4bee110478c5f6a69ca78e96d7306') in 0.009678 seconds 
